2021-01-31 03:01:00,580 [Worker-3: Loading available Gradle versions] INFO  o.e.b.c.i.u.g.PublishedGradleVersions - Gradle version information cache is up-to-date. Trying to read.
2021-01-31 03:01:18,395 [Worker-11: Importing Maven projects] INFO  o.e.m.c.i.l.LifecycleMappingFactory - Using NULL lifecycle mapping for MavenProject: fr.ensma.a3.ia:MyMultiChat:1.0-SNAPSHOT @ E:\Documents\Workspace\ENSMA_M2_IA_TP_Travaux-pratiques\Conception Logiciel 3\MyMultiChat\pom.xml.
2021-01-31 03:01:19,154 [Worker-11: Importing Maven projects] INFO  o.e.m.c.i.l.LifecycleMappingFactory - Using org.eclipse.m2e.jdt.JarLifecycleMapping lifecycle mapping for MavenProject: fr.ensma.a3.ia:MyMultiChat-MessagesAPI:1.0-SNAPSHOT @ E:\Documents\Workspace\ENSMA_M2_IA_TP_Travaux-pratiques\Conception Logiciel 3\MyMultiChat\MyMultiChat-MessagesAPI\pom.xml.
2021-01-31 03:01:19,287 [Worker-11: Importing Maven projects] INFO  o.e.m.c.i.l.LifecycleMappingFactory - Using org.eclipse.m2e.jdt.JarLifecycleMapping lifecycle mapping for MavenProject: fr.ensma.a3.ia:MyMultiChat-Client:1.0-SNAPSHOT @ E:\Documents\Workspace\ENSMA_M2_IA_TP_Travaux-pratiques\Conception Logiciel 3\MyMultiChat\MyMultiChat-Client\pom.xml.
2021-01-31 03:01:19,645 [Worker-11: Importing Maven projects] INFO  o.e.m.c.i.p.WorkspaceClassifierResolverManager - Resolving P/MyMultiChat-MessagesAPI: fr.ensma.a3.ia:MyMultiChat-MessagesAPI:1.0-SNAPSHOT with classifier  to /MyMultiChat-MessagesAPI/target/classes
2021-01-31 03:01:19,815 [Worker-11: Importing Maven projects] INFO  o.e.m.c.i.l.LifecycleMappingFactory - Using org.eclipse.m2e.jdt.JarLifecycleMapping lifecycle mapping for MavenProject: fr.ensma.a3.ia:MyMultiChat-Server:1.0-SNAPSHOT @ E:\Documents\Workspace\ENSMA_M2_IA_TP_Travaux-pratiques\Conception Logiciel 3\MyMultiChat\MyMultiChat-Server\pom.xml.
2021-01-31 03:01:20,676 [Worker-11: Importing Maven projects] INFO  o.e.m.c.i.p.WorkspaceClassifierResolverManager - Resolving P/MyMultiChat-MessagesAPI: fr.ensma.a3.ia:MyMultiChat-MessagesAPI:1.0-SNAPSHOT with classifier  to /MyMultiChat-MessagesAPI/target/classes
2021-01-31 03:01:23,461 [Worker-11: Importing Maven projects] INFO  o.e.m.j.i.AbstractJavaProjectConfigurator - Adding source folder /MyMultiChat-MessagesAPI/src/main/java
2021-01-31 03:01:23,463 [Worker-11: Importing Maven projects] INFO  o.e.m.j.i.AbstractJavaProjectConfigurator - Adding source folder /MyMultiChat-MessagesAPI/src/test/java
2021-01-31 03:01:23,586 [Worker-11: Importing Maven projects] INFO  o.e.m.j.i.AbstractJavaProjectConfigurator - Adding source folder /MyMultiChat-Server/src/main/java
2021-01-31 03:01:23,587 [Worker-11: Importing Maven projects] INFO  o.e.m.j.i.AbstractJavaProjectConfigurator - Adding resource folder /MyMultiChat-Server/src/main/resources
2021-01-31 03:01:23,588 [Worker-11: Importing Maven projects] INFO  o.e.m.j.i.AbstractJavaProjectConfigurator - Adding source folder /MyMultiChat-Server/src/test/java
2021-01-31 03:01:23,846 [Worker-15: Updating Maven Dependencies] INFO  o.e.m.c.i.l.LifecycleMappingFactory - Using org.eclipse.m2e.jdt.JarLifecycleMapping lifecycle mapping for MavenProject: fr.ensma.a3.ia:MyMultiChat-MessagesAPI:1.0-SNAPSHOT @ E:\Documents\Workspace\ENSMA_M2_IA_TP_Travaux-pratiques\Conception Logiciel 3\MyMultiChat\MyMultiChat-MessagesAPI\pom.xml.
2021-01-31 03:01:26,551 [Worker-11: Importing Maven projects] INFO  o.e.m.j.i.AbstractJavaProjectConfigurator - Adding source folder /MyMultiChat-Client/src/main/java
2021-01-31 03:01:26,552 [Worker-11: Importing Maven projects] INFO  o.e.m.j.i.AbstractJavaProjectConfigurator - Adding source folder /MyMultiChat-Client/src/test/java
2021-01-31 03:01:26,792 [Worker-11: Importing Maven projects] INFO  o.e.m.c.i.p.ProjectConfigurationManager - Imported and configured 4 project(s) in 10 sec
2021-01-31 03:01:28,442 [Worker-7: Building] INFO  o.e.m.c.i.embedder.EclipseLogger - Using 'UTF-8' encoding to copy filtered resources.
2021-01-31 03:01:28,442 [Worker-7: Building] INFO  o.e.m.c.i.embedder.EclipseLogger - skip non existing resourceDirectory E:\Documents\Workspace\ENSMA_M2_IA_TP_Travaux-pratiques\Conception Logiciel 3\MyMultiChat\MyMultiChat-MessagesAPI\src\main\resources
2021-01-31 03:01:28,445 [Worker-7: Building] INFO  o.e.m.c.i.embedder.EclipseLogger - Using 'UTF-8' encoding to copy filtered resources.
2021-01-31 03:01:28,446 [Worker-7: Building] INFO  o.e.m.c.i.embedder.EclipseLogger - skip non existing resourceDirectory E:\Documents\Workspace\ENSMA_M2_IA_TP_Travaux-pratiques\Conception Logiciel 3\MyMultiChat\MyMultiChat-MessagesAPI\src\test\resources
2021-01-31 03:01:29,161 [Worker-7: Building] INFO  o.e.m.c.i.p.WorkspaceClassifierResolverManager - Resolving P/MyMultiChat-MessagesAPI: fr.ensma.a3.ia:MyMultiChat-MessagesAPI:1.0-SNAPSHOT with classifier  to /MyMultiChat-MessagesAPI/target/classes
2021-01-31 03:01:29,227 [Worker-7: Building] INFO  o.e.m.c.i.embedder.EclipseLogger - Using 'UTF-8' encoding to copy filtered resources.
2021-01-31 03:01:29,228 [Worker-7: Building] INFO  o.e.m.c.i.embedder.EclipseLogger - skip non existing resourceDirectory E:\Documents\Workspace\ENSMA_M2_IA_TP_Travaux-pratiques\Conception Logiciel 3\MyMultiChat\MyMultiChat-Client\src\main\resources
2021-01-31 03:01:29,229 [Worker-7: Building] INFO  o.e.m.c.i.embedder.EclipseLogger - Using 'UTF-8' encoding to copy filtered resources.
2021-01-31 03:01:29,230 [Worker-7: Building] INFO  o.e.m.c.i.embedder.EclipseLogger - skip non existing resourceDirectory E:\Documents\Workspace\ENSMA_M2_IA_TP_Travaux-pratiques\Conception Logiciel 3\MyMultiChat\MyMultiChat-Client\src\test\resources
2021-01-31 03:01:30,469 [Worker-7: Building] INFO  o.e.m.c.i.p.WorkspaceClassifierResolverManager - Resolving P/MyMultiChat-MessagesAPI: fr.ensma.a3.ia:MyMultiChat-MessagesAPI:1.0-SNAPSHOT with classifier  to /MyMultiChat-MessagesAPI/target/classes
2021-01-31 03:01:30,475 [Worker-7: Building] INFO  o.e.m.c.i.embedder.EclipseLogger - Using 'UTF-8' encoding to copy filtered resources.
2021-01-31 03:01:30,487 [Worker-7: Building] INFO  o.e.m.c.i.embedder.EclipseLogger - Copying 3 resources
2021-01-31 03:01:30,514 [Worker-7: Building] INFO  o.e.m.c.i.embedder.EclipseLogger - Using 'UTF-8' encoding to copy filtered resources.
2021-01-31 03:01:30,514 [Worker-7: Building] INFO  o.e.m.c.i.embedder.EclipseLogger - skip non existing resourceDirectory E:\Documents\Workspace\ENSMA_M2_IA_TP_Travaux-pratiques\Conception Logiciel 3\MyMultiChat\MyMultiChat-Server\src\test\resources
2021-01-31 11:34:18,487 [Worker-5: Loading available Gradle versions] INFO  o.e.b.c.i.u.g.PublishedGradleVersions - Gradle version information cache is up-to-date. Trying to read.
2021-01-31 11:35:14,611 [Worker-6: Building] INFO  o.e.m.c.i.p.WorkspaceClassifierResolverManager - Resolving P/MyMultiChat-MessagesAPI: fr.ensma.a3.ia:MyMultiChat-MessagesAPI:1.0-SNAPSHOT with classifier  to /MyMultiChat-MessagesAPI/target/classes
2021-01-31 11:35:15,167 [Worker-6: Building] INFO  o.e.m.c.i.embedder.EclipseLogger - Using 'UTF-8' encoding to copy filtered resources.
2021-01-31 11:35:15,168 [Worker-6: Building] INFO  o.e.m.c.i.embedder.EclipseLogger - skip non existing resourceDirectory E:\Documents\Workspace\ENSMA_M2_IA_TP_Travaux-pratiques\Conception Logiciel 3\MyMultiChat\MyMultiChat-Client\src\main\resources
2021-01-31 11:35:15,171 [Worker-6: Building] INFO  o.e.m.c.i.embedder.EclipseLogger - Using 'UTF-8' encoding to copy filtered resources.
2021-01-31 11:35:15,172 [Worker-6: Building] INFO  o.e.m.c.i.embedder.EclipseLogger - skip non existing resourceDirectory E:\Documents\Workspace\ENSMA_M2_IA_TP_Travaux-pratiques\Conception Logiciel 3\MyMultiChat\MyMultiChat-Client\src\test\resources
2021-01-31 11:35:16,005 [Worker-14: Building] INFO  o.e.m.c.i.embedder.EclipseLogger - Using 'UTF-8' encoding to copy filtered resources.
2021-01-31 11:35:16,006 [Worker-14: Building] INFO  o.e.m.c.i.embedder.EclipseLogger - skip non existing resourceDirectory E:\Documents\Workspace\ENSMA_M2_IA_TP_Travaux-pratiques\Conception Logiciel 3\MyMultiChat\MyMultiChat-MessagesAPI\src\main\resources
2021-01-31 11:35:16,008 [Worker-14: Building] INFO  o.e.m.c.i.embedder.EclipseLogger - Using 'UTF-8' encoding to copy filtered resources.
2021-01-31 11:35:16,009 [Worker-14: Building] INFO  o.e.m.c.i.embedder.EclipseLogger - skip non existing resourceDirectory E:\Documents\Workspace\ENSMA_M2_IA_TP_Travaux-pratiques\Conception Logiciel 3\MyMultiChat\MyMultiChat-MessagesAPI\src\test\resources
2021-01-31 11:35:27,722 [Worker-6: Building] INFO  o.e.m.c.i.embedder.EclipseLogger - Using 'UTF-8' encoding to copy filtered resources.
2021-01-31 11:35:27,722 [Worker-6: Building] INFO  o.e.m.c.i.embedder.EclipseLogger - skip non existing resourceDirectory E:\Documents\Workspace\ENSMA_M2_IA_TP_Travaux-pratiques\Conception Logiciel 3\MyMultiChat\MyMultiChat-Client\src\main\resources
2021-01-31 11:35:27,724 [Worker-6: Building] INFO  o.e.m.c.i.embedder.EclipseLogger - Using 'UTF-8' encoding to copy filtered resources.
2021-01-31 11:35:27,725 [Worker-6: Building] INFO  o.e.m.c.i.embedder.EclipseLogger - skip non existing resourceDirectory E:\Documents\Workspace\ENSMA_M2_IA_TP_Travaux-pratiques\Conception Logiciel 3\MyMultiChat\MyMultiChat-Client\src\test\resources
2021-01-31 11:35:34,598 [Worker-21: Building] INFO  o.e.m.c.i.embedder.EclipseLogger - Using 'UTF-8' encoding to copy filtered resources.
2021-01-31 11:35:34,598 [Worker-21: Building] INFO  o.e.m.c.i.embedder.EclipseLogger - skip non existing resourceDirectory E:\Documents\Workspace\ENSMA_M2_IA_TP_Travaux-pratiques\Conception Logiciel 3\MyMultiChat\MyMultiChat-Client\src\main\resources
2021-01-31 11:35:34,599 [Worker-21: Building] INFO  o.e.m.c.i.embedder.EclipseLogger - Using 'UTF-8' encoding to copy filtered resources.
2021-01-31 11:35:34,600 [Worker-21: Building] INFO  o.e.m.c.i.embedder.EclipseLogger - skip non existing resourceDirectory E:\Documents\Workspace\ENSMA_M2_IA_TP_Travaux-pratiques\Conception Logiciel 3\MyMultiChat\MyMultiChat-Client\src\test\resources
2021-01-31 11:35:40,171 [Worker-10: Building] INFO  o.e.m.c.i.embedder.EclipseLogger - Using 'UTF-8' encoding to copy filtered resources.
2021-01-31 11:35:40,172 [Worker-10: Building] INFO  o.e.m.c.i.embedder.EclipseLogger - skip non existing resourceDirectory E:\Documents\Workspace\ENSMA_M2_IA_TP_Travaux-pratiques\Conception Logiciel 3\MyMultiChat\MyMultiChat-Client\src\main\resources
2021-01-31 11:35:40,173 [Worker-10: Building] INFO  o.e.m.c.i.embedder.EclipseLogger - Using 'UTF-8' encoding to copy filtered resources.
2021-01-31 11:35:40,173 [Worker-10: Building] INFO  o.e.m.c.i.embedder.EclipseLogger - skip non existing resourceDirectory E:\Documents\Workspace\ENSMA_M2_IA_TP_Travaux-pratiques\Conception Logiciel 3\MyMultiChat\MyMultiChat-Client\src\test\resources
2021-01-31 11:36:00,685 [Worker-13: Building] INFO  o.e.m.c.i.embedder.EclipseLogger - Using 'UTF-8' encoding to copy filtered resources.
2021-01-31 11:36:00,685 [Worker-13: Building] INFO  o.e.m.c.i.embedder.EclipseLogger - skip non existing resourceDirectory E:\Documents\Workspace\ENSMA_M2_IA_TP_Travaux-pratiques\Conception Logiciel 3\MyMultiChat\MyMultiChat-MessagesAPI\src\main\resources
2021-01-31 11:36:00,686 [Worker-13: Building] INFO  o.e.m.c.i.embedder.EclipseLogger - Using 'UTF-8' encoding to copy filtered resources.
2021-01-31 11:36:00,686 [Worker-13: Building] INFO  o.e.m.c.i.embedder.EclipseLogger - skip non existing resourceDirectory E:\Documents\Workspace\ENSMA_M2_IA_TP_Travaux-pratiques\Conception Logiciel 3\MyMultiChat\MyMultiChat-MessagesAPI\src\test\resources
2021-01-31 11:36:08,378 [Worker-21: Building] INFO  o.e.m.c.i.embedder.EclipseLogger - Using 'UTF-8' encoding to copy filtered resources.
2021-01-31 11:36:08,378 [Worker-21: Building] INFO  o.e.m.c.i.embedder.EclipseLogger - skip non existing resourceDirectory E:\Documents\Workspace\ENSMA_M2_IA_TP_Travaux-pratiques\Conception Logiciel 3\MyMultiChat\MyMultiChat-MessagesAPI\src\main\resources
2021-01-31 11:36:08,379 [Worker-21: Building] INFO  o.e.m.c.i.embedder.EclipseLogger - Using 'UTF-8' encoding to copy filtered resources.
2021-01-31 11:36:08,379 [Worker-21: Building] INFO  o.e.m.c.i.embedder.EclipseLogger - skip non existing resourceDirectory E:\Documents\Workspace\ENSMA_M2_IA_TP_Travaux-pratiques\Conception Logiciel 3\MyMultiChat\MyMultiChat-MessagesAPI\src\test\resources
2021-01-31 11:36:09,511 [Worker-21: Building] INFO  o.e.m.c.i.p.WorkspaceClassifierResolverManager - Resolving P/MyMultiChat-MessagesAPI: fr.ensma.a3.ia:MyMultiChat-MessagesAPI:1.0-SNAPSHOT with classifier  to /MyMultiChat-MessagesAPI/target/classes
2021-01-31 11:36:09,527 [Worker-21: Building] INFO  o.e.m.c.i.embedder.EclipseLogger - Using 'UTF-8' encoding to copy filtered resources.
2021-01-31 11:36:09,533 [Worker-21: Building] INFO  o.e.m.c.i.embedder.EclipseLogger - Copying 3 resources
2021-01-31 11:36:09,543 [Worker-21: Building] INFO  o.e.m.c.i.embedder.EclipseLogger - Using 'UTF-8' encoding to copy filtered resources.
2021-01-31 11:36:09,544 [Worker-21: Building] INFO  o.e.m.c.i.embedder.EclipseLogger - skip non existing resourceDirectory E:\Documents\Workspace\ENSMA_M2_IA_TP_Travaux-pratiques\Conception Logiciel 3\MyMultiChat\MyMultiChat-Server\src\test\resources
2021-01-31 11:36:14,052 [Worker-18: Building] INFO  o.e.m.c.i.embedder.EclipseLogger - Using 'UTF-8' encoding to copy filtered resources.
2021-01-31 11:36:14,052 [Worker-18: Building] INFO  o.e.m.c.i.embedder.EclipseLogger - skip non existing resourceDirectory E:\Documents\Workspace\ENSMA_M2_IA_TP_Travaux-pratiques\Conception Logiciel 3\MyMultiChat\MyMultiChat-MessagesAPI\src\main\resources
2021-01-31 11:36:14,053 [Worker-18: Building] INFO  o.e.m.c.i.embedder.EclipseLogger - Using 'UTF-8' encoding to copy filtered resources.
2021-01-31 11:36:14,054 [Worker-18: Building] INFO  o.e.m.c.i.embedder.EclipseLogger - skip non existing resourceDirectory E:\Documents\Workspace\ENSMA_M2_IA_TP_Travaux-pratiques\Conception Logiciel 3\MyMultiChat\MyMultiChat-MessagesAPI\src\test\resources
2021-01-31 11:36:20,018 [Worker-2: Building] INFO  o.e.m.c.i.embedder.EclipseLogger - Using 'UTF-8' encoding to copy filtered resources.
2021-01-31 11:36:20,018 [Worker-2: Building] INFO  o.e.m.c.i.embedder.EclipseLogger - skip non existing resourceDirectory E:\Documents\Workspace\ENSMA_M2_IA_TP_Travaux-pratiques\Conception Logiciel 3\MyMultiChat\MyMultiChat-MessagesAPI\src\main\resources
2021-01-31 11:36:20,020 [Worker-2: Building] INFO  o.e.m.c.i.embedder.EclipseLogger - Using 'UTF-8' encoding to copy filtered resources.
2021-01-31 11:36:20,021 [Worker-2: Building] INFO  o.e.m.c.i.embedder.EclipseLogger - skip non existing resourceDirectory E:\Documents\Workspace\ENSMA_M2_IA_TP_Travaux-pratiques\Conception Logiciel 3\MyMultiChat\MyMultiChat-MessagesAPI\src\test\resources
2021-01-31 11:36:24,546 [Worker-1: Building] INFO  o.e.m.c.i.embedder.EclipseLogger - Using 'UTF-8' encoding to copy filtered resources.
2021-01-31 11:36:24,547 [Worker-1: Building] INFO  o.e.m.c.i.embedder.EclipseLogger - skip non existing resourceDirectory E:\Documents\Workspace\ENSMA_M2_IA_TP_Travaux-pratiques\Conception Logiciel 3\MyMultiChat\MyMultiChat-MessagesAPI\src\main\resources
2021-01-31 11:36:24,548 [Worker-1: Building] INFO  o.e.m.c.i.embedder.EclipseLogger - Using 'UTF-8' encoding to copy filtered resources.
2021-01-31 11:36:24,549 [Worker-1: Building] INFO  o.e.m.c.i.embedder.EclipseLogger - skip non existing resourceDirectory E:\Documents\Workspace\ENSMA_M2_IA_TP_Travaux-pratiques\Conception Logiciel 3\MyMultiChat\MyMultiChat-MessagesAPI\src\test\resources
2021-01-31 11:36:37,505 [Worker-11: Building] INFO  o.e.m.c.i.embedder.EclipseLogger - Using 'UTF-8' encoding to copy filtered resources.
2021-01-31 11:36:37,505 [Worker-11: Building] INFO  o.e.m.c.i.embedder.EclipseLogger - skip non existing resourceDirectory E:\Documents\Workspace\ENSMA_M2_IA_TP_Travaux-pratiques\Conception Logiciel 3\MyMultiChat\MyMultiChat-MessagesAPI\src\main\resources
2021-01-31 11:36:37,507 [Worker-11: Building] INFO  o.e.m.c.i.embedder.EclipseLogger - Using 'UTF-8' encoding to copy filtered resources.
2021-01-31 11:36:37,507 [Worker-11: Building] INFO  o.e.m.c.i.embedder.EclipseLogger - skip non existing resourceDirectory E:\Documents\Workspace\ENSMA_M2_IA_TP_Travaux-pratiques\Conception Logiciel 3\MyMultiChat\MyMultiChat-MessagesAPI\src\test\resources
2021-01-31 11:36:44,105 [Worker-15: Building] INFO  o.e.m.c.i.embedder.EclipseLogger - Using 'UTF-8' encoding to copy filtered resources.
2021-01-31 11:36:44,106 [Worker-15: Building] INFO  o.e.m.c.i.embedder.EclipseLogger - skip non existing resourceDirectory E:\Documents\Workspace\ENSMA_M2_IA_TP_Travaux-pratiques\Conception Logiciel 3\MyMultiChat\MyMultiChat-MessagesAPI\src\main\resources
2021-01-31 11:36:44,106 [Worker-15: Building] INFO  o.e.m.c.i.embedder.EclipseLogger - Using 'UTF-8' encoding to copy filtered resources.
2021-01-31 11:36:44,107 [Worker-15: Building] INFO  o.e.m.c.i.embedder.EclipseLogger - skip non existing resourceDirectory E:\Documents\Workspace\ENSMA_M2_IA_TP_Travaux-pratiques\Conception Logiciel 3\MyMultiChat\MyMultiChat-MessagesAPI\src\test\resources
2021-01-31 11:36:44,153 [Worker-15: Building] INFO  o.e.m.c.i.embedder.EclipseLogger - Using 'UTF-8' encoding to copy filtered resources.
2021-01-31 11:36:44,153 [Worker-15: Building] INFO  o.e.m.c.i.embedder.EclipseLogger - skip non existing resourceDirectory E:\Documents\Workspace\ENSMA_M2_IA_TP_Travaux-pratiques\Conception Logiciel 3\MyMultiChat\MyMultiChat-Client\src\main\resources
2021-01-31 11:36:44,154 [Worker-15: Building] INFO  o.e.m.c.i.embedder.EclipseLogger - Using 'UTF-8' encoding to copy filtered resources.
2021-01-31 11:36:44,155 [Worker-15: Building] INFO  o.e.m.c.i.embedder.EclipseLogger - skip non existing resourceDirectory E:\Documents\Workspace\ENSMA_M2_IA_TP_Travaux-pratiques\Conception Logiciel 3\MyMultiChat\MyMultiChat-Client\src\test\resources
2021-01-31 11:36:48,152 [Worker-19: Building] INFO  o.e.m.c.i.embedder.EclipseLogger - Using 'UTF-8' encoding to copy filtered resources.
2021-01-31 11:36:48,153 [Worker-19: Building] INFO  o.e.m.c.i.embedder.EclipseLogger - skip non existing resourceDirectory E:\Documents\Workspace\ENSMA_M2_IA_TP_Travaux-pratiques\Conception Logiciel 3\MyMultiChat\MyMultiChat-MessagesAPI\src\main\resources
2021-01-31 11:36:48,154 [Worker-19: Building] INFO  o.e.m.c.i.embedder.EclipseLogger - Using 'UTF-8' encoding to copy filtered resources.
2021-01-31 11:36:48,155 [Worker-19: Building] INFO  o.e.m.c.i.embedder.EclipseLogger - skip non existing resourceDirectory E:\Documents\Workspace\ENSMA_M2_IA_TP_Travaux-pratiques\Conception Logiciel 3\MyMultiChat\MyMultiChat-MessagesAPI\src\test\resources
2021-01-31 11:36:53,768 [Worker-12: Building] INFO  o.e.m.c.i.embedder.EclipseLogger - Using 'UTF-8' encoding to copy filtered resources.
2021-01-31 11:36:53,769 [Worker-12: Building] INFO  o.e.m.c.i.embedder.EclipseLogger - skip non existing resourceDirectory E:\Documents\Workspace\ENSMA_M2_IA_TP_Travaux-pratiques\Conception Logiciel 3\MyMultiChat\MyMultiChat-MessagesAPI\src\main\resources
2021-01-31 11:36:53,771 [Worker-12: Building] INFO  o.e.m.c.i.embedder.EclipseLogger - Using 'UTF-8' encoding to copy filtered resources.
2021-01-31 11:36:53,771 [Worker-12: Building] INFO  o.e.m.c.i.embedder.EclipseLogger - skip non existing resourceDirectory E:\Documents\Workspace\ENSMA_M2_IA_TP_Travaux-pratiques\Conception Logiciel 3\MyMultiChat\MyMultiChat-MessagesAPI\src\test\resources
2021-01-31 11:36:58,918 [Worker-4: Building] INFO  o.e.m.c.i.embedder.EclipseLogger - Using 'UTF-8' encoding to copy filtered resources.
2021-01-31 11:36:58,918 [Worker-4: Building] INFO  o.e.m.c.i.embedder.EclipseLogger - skip non existing resourceDirectory E:\Documents\Workspace\ENSMA_M2_IA_TP_Travaux-pratiques\Conception Logiciel 3\MyMultiChat\MyMultiChat-MessagesAPI\src\main\resources
2021-01-31 11:36:58,919 [Worker-4: Building] INFO  o.e.m.c.i.embedder.EclipseLogger - Using 'UTF-8' encoding to copy filtered resources.
2021-01-31 11:36:58,919 [Worker-4: Building] INFO  o.e.m.c.i.embedder.EclipseLogger - skip non existing resourceDirectory E:\Documents\Workspace\ENSMA_M2_IA_TP_Travaux-pratiques\Conception Logiciel 3\MyMultiChat\MyMultiChat-MessagesAPI\src\test\resources
2021-01-31 11:37:02,807 [Worker-21: Building] INFO  o.e.m.c.i.embedder.EclipseLogger - Using 'UTF-8' encoding to copy filtered resources.
2021-01-31 11:37:02,807 [Worker-21: Building] INFO  o.e.m.c.i.embedder.EclipseLogger - skip non existing resourceDirectory E:\Documents\Workspace\ENSMA_M2_IA_TP_Travaux-pratiques\Conception Logiciel 3\MyMultiChat\MyMultiChat-MessagesAPI\src\main\resources
2021-01-31 11:37:02,808 [Worker-21: Building] INFO  o.e.m.c.i.embedder.EclipseLogger - Using 'UTF-8' encoding to copy filtered resources.
2021-01-31 11:37:02,809 [Worker-21: Building] INFO  o.e.m.c.i.embedder.EclipseLogger - skip non existing resourceDirectory E:\Documents\Workspace\ENSMA_M2_IA_TP_Travaux-pratiques\Conception Logiciel 3\MyMultiChat\MyMultiChat-MessagesAPI\src\test\resources
2021-01-31 11:37:07,603 [Worker-18: Building] INFO  o.e.m.c.i.embedder.EclipseLogger - Using 'UTF-8' encoding to copy filtered resources.
2021-01-31 11:37:07,603 [Worker-18: Building] INFO  o.e.m.c.i.embedder.EclipseLogger - skip non existing resourceDirectory E:\Documents\Workspace\ENSMA_M2_IA_TP_Travaux-pratiques\Conception Logiciel 3\MyMultiChat\MyMultiChat-MessagesAPI\src\main\resources
2021-01-31 11:37:07,605 [Worker-18: Building] INFO  o.e.m.c.i.embedder.EclipseLogger - Using 'UTF-8' encoding to copy filtered resources.
2021-01-31 11:37:07,605 [Worker-18: Building] INFO  o.e.m.c.i.embedder.EclipseLogger - skip non existing resourceDirectory E:\Documents\Workspace\ENSMA_M2_IA_TP_Travaux-pratiques\Conception Logiciel 3\MyMultiChat\MyMultiChat-MessagesAPI\src\test\resources
2021-01-31 11:37:46,906 [Worker-11: Building] INFO  o.e.m.c.i.embedder.EclipseLogger - Using 'UTF-8' encoding to copy filtered resources.
2021-01-31 11:37:46,910 [Worker-11: Building] INFO  o.e.m.c.i.embedder.EclipseLogger - Copying 3 resources
2021-01-31 11:37:46,912 [Worker-11: Building] INFO  o.e.m.c.i.embedder.EclipseLogger - Using 'UTF-8' encoding to copy filtered resources.
2021-01-31 11:37:46,912 [Worker-11: Building] INFO  o.e.m.c.i.embedder.EclipseLogger - skip non existing resourceDirectory E:\Documents\Workspace\ENSMA_M2_IA_TP_Travaux-pratiques\Conception Logiciel 3\MyMultiChat\MyMultiChat-Server\src\test\resources
2021-01-31 11:37:52,667 [Worker-8: Building] INFO  o.e.m.c.i.embedder.EclipseLogger - Using 'UTF-8' encoding to copy filtered resources.
2021-01-31 11:37:52,671 [Worker-8: Building] INFO  o.e.m.c.i.embedder.EclipseLogger - Copying 3 resources
2021-01-31 11:37:52,674 [Worker-8: Building] INFO  o.e.m.c.i.embedder.EclipseLogger - Using 'UTF-8' encoding to copy filtered resources.
2021-01-31 11:37:52,674 [Worker-8: Building] INFO  o.e.m.c.i.embedder.EclipseLogger - skip non existing resourceDirectory E:\Documents\Workspace\ENSMA_M2_IA_TP_Travaux-pratiques\Conception Logiciel 3\MyMultiChat\MyMultiChat-Server\src\test\resources
2021-01-31 11:37:57,791 [Worker-10: Building] INFO  o.e.m.c.i.embedder.EclipseLogger - Using 'UTF-8' encoding to copy filtered resources.
2021-01-31 11:37:57,795 [Worker-10: Building] INFO  o.e.m.c.i.embedder.EclipseLogger - Copying 3 resources
2021-01-31 11:37:57,797 [Worker-10: Building] INFO  o.e.m.c.i.embedder.EclipseLogger - Using 'UTF-8' encoding to copy filtered resources.
2021-01-31 11:37:57,797 [Worker-10: Building] INFO  o.e.m.c.i.embedder.EclipseLogger - skip non existing resourceDirectory E:\Documents\Workspace\ENSMA_M2_IA_TP_Travaux-pratiques\Conception Logiciel 3\MyMultiChat\MyMultiChat-Server\src\test\resources
